{
  "id": "m86hgibk-iy4b",
  "errorLog": "s of undefined (reading 'name')\n[2025-03-12T22:18:48.123Z] [ERROR] Stack trace: TypeError: Cannot read properties of undefined (reading 'name')\n\tat ScopeManagerPanel._parseStatusFile (/Users/tatsuya/Desktop/システム開発/AppGenius2/AppGenius/dist/extension.js:26013:89)\n\tat ScopeManagerPanel._fixStatusFileFormat (/Users/tatsuya/Desktop/システム開発/AppGenius2/AppGenius/dist/extension.js:25481:18)\n\tat async ScopeManagerPanel._loadStatusFile (/Users/tatsuya/Desktop/システム開発/AppGenius2/AppGenius/dist/extension.js:25405:17)\n[2025-03-12T22:18:48.270Z] [INFO] CURRENT_STATUS.mdファイルの変更を検出しました\n[2025-03-12T22:18:48.271Z] [DEBUG] ファイルを読み込みました: /Users/tatsuya/Desktop/システム開発/AppGenius2/AppGenius/docs/CURRENT_STATUS.md\n[2025-03-12T22:18:48.271Z] [INFO] 0個のスコープを読み込みました\n[2025-03-12T22:18:48.272Z] [ERROR] ステータスファイルの解析中にエラーが発生しました\n[2025-03-12T22:18:48.272Z] [ERROR] Error details: Cannot read properties of undefined (reading 'name')\n[2025-03-12T22:18:48.272Z] [ERROR] Stack trace: TypeError: Cannot read properties of undefined (reading 'name')\n\tat ScopeManagerPanel._parseStatusFile (/Users/tatsuya/Desktop/システム開発/AppGenius2/AppGenius/dist/extension.js:26013:89)\n\tat ScopeManagerPanel._loadStatusFile (/Users/tatsuya/Desktop/システム開発/AppGenius2/AppGenius/dist/extension.js:25389:18)\n[2025-03-12T22:18:48.272Z] [WARN] 箇条書き形式に問題があります。フォーマットを修正します。\n[2025-03-12T22:18:48.273Z] [INFO] CURRENT_STATUS.mdファイルのフォーマットを修正しました\n[2025-03-12T22:18:48.273Z] [INFO] 0個のスコープを読み込みました\n[2025-03-12T22:18:48.273Z] [ERROR] ステータスファイルの解析中にエラーが発生しました\n[2025-03-12T22:18:48.273Z] [ERROR] Error details: Cannot read properties of undefined (reading 'name')\n[2025-03-12T22:18:48.273Z] [ERROR] Stack trace: TypeError: Cannot read properties of undefined (reading 'name')\n\tat ScopeManagerPanel._parseStatusFile (/Users/tatsuya/Desktop/システム開発/AppGenius2/AppGenius/dist/extension.js:26013:89)\n\tat ScopeManagerPanel._fixStatusFileFormat (/Users/tatsuya/Desktop/システム開発/AppGenius2/AppGenius/dist/extension.js:25481:18)\n\tat async ScopeManagerPanel._loadStatusFile (/Users/tatsuya/Desktop/システム開発/AppGenius2/AppGenius/dist/extension.js:25405:17)\n[2025-03-12T22:18:48.416Z] [INFO] CURRENT_STATUS.mdファイルの変更を検出しました\n[2025-03-12T22:18:48.416Z] [DEBUG] ファイルを読み込みました: /Users/tatsuya/Desktop/システム開発/AppGenius2/AppGenius/docs/CURRENT_STATUS.md\n[2025-03-12T22:18:48.416Z] [INFO] 0個のスコープを読み込みました\n[2025-03-12T22:18:48.417Z] [ERROR] ステータスファイルの解析中にエラーが発生しました\n[2025-03-12T22:18:48.417Z] [ERROR] Error details: Cannot read properties of undefined (reading 'name')\n[2025-03-12T22:18:48.417Z] [ERROR] Stack trace: TypeError: Cannot read properties of undefined (reading 'name')\n\tat ScopeManagerPanel._parseStatusFile (/Users/tatsuya/Desktop/システム開発/AppGenius2/AppGenius/dist/extension.js:26013:89)\n\tat ScopeManagerPanel._loadStatusFile (/Users/tatsuya/Desktop/システム開発/AppGenius2/AppGenius/dist/extension.js:25389:18)\n[2025-03-12T22:18:48.417Z] [WARN] 箇条書き形式に問題があります。フォーマットを修正します。\n[2025-03-12T22:18:48.418Z] [INFO] CURRENT_STATUS.mdファイルのフォーマットを修正しました\n[2025-03-12T22:18:48.418Z] [INFO] 0個のスコープを読み込みました\n[2025-03-12T22:18:48.419Z] [ERROR] ステータスファイルの解析中にエラーが発生しました\n[2025-03-12T22:18:48.419Z] [ERROR] Error details: Cannot read properties of undefined (reading 'name')\n[2025-03-12T22:18:48.419Z] [ERROR] Stack trace: TypeError: Cannot read properties of undefined (reading 'name')\n\tat ScopeManagerPanel._parseStatusFile (/Users/tatsuya/Desktop/システム開発/AppGenius2/AppGenius/dist/extension.js:26013:89)\n\tat ScopeManagerPanel._fixStatusFileFormat (/Users/tatsuya/Desktop/システム開発/AppGenius2/AppGenius/dist/extension.js:25481:18)\n\tat async ScopeManagerPanel._loadStatusFile (/Users/tatsuya/Desktop/システム開発/AppGenius2/AppGenius/dist/extension.js:25405:17)\n[2025-03-12T22:18:48.561Z] [INFO] CURRENT_STATUS.mdファイルの変更を検出しました\n[2025-03-12T22:18:48.561Z] [DEBUG] ファイルを読み込みました: /Users/tatsuya/Desktop/システム開発/AppGenius2/AppGenius/docs/CURRENT_STATUS.md\n[2025-03-12T22:18:48.561Z] [INFO] 0個のスコープを読み込みました\n[2025-03-12T22:18:48.562Z] [ERROR] ステータスファイルの解析中にエラーが発生しました\n[2025-03-12T22:18:48.562Z] [ERROR] Error details: Cannot read properties of undefined (reading 'name')\n[2025-03-12T22:18:48.562Z] [ERROR] Stack trace: TypeError: Cannot read properties of undefined (reading 'name')\n\tat ScopeManagerPanel._parseStatusFile (/Users/tatsuya/Desktop/システム開発/AppGenius2/AppGenius/dist/extension.js:26013:89)\n\tat ScopeManagerPanel._loadStatusFile (/Users/tatsuya/Desktop/システム開発/AppGenius2/AppGenius/dist/extension.js:25389:18)\n[2025-03-12T22:18:48.562Z] [WARN] 箇条書き形式に問題があります。フォーマットを修正します。\n[2025-03-12T22:18:48.563Z] [INFO] CURRENT_STATUS.mdファイルのフォーマットを修正しました\n[2025-03-12T22:18:48.563Z] [INFO] 0個のスコープを読み込みました\n[2025-03-12T22:18:48.564Z] [ERROR] ステータスファイルの解析中にエラーが発生しました\n[2025-03-12T22:18:48.564Z] [ERROR] Error details: Cannot read properties of undefined (reading 'name')\n[2025-03-12T22:18:48.564Z] [ERROR] Stack trace: TypeError: Cannot read properties of undefined (reading 'name')\n\tat ScopeManagerPanel._parseStatusFile (/Users/tatsuya/Desktop/システム開発/AppGenius2/AppGenius/dist/extension.js:26013:89)\n\tat ScopeManagerPanel._fixStatusFileFormat (/Users/tatsuya/Desktop/システム開発/AppGenius2/AppGenius/dist/extension.js:25481:18)\n\tat async ScopeManagerPanel._loadStatusFile (/Users/tatsuya/Desktop/システム開発/AppGenius2/AppGenius/dist/extension.js:25405:17)\n[2025-03-12T22:18:48.709Z] [INFO] CURRENT_STATUS.mdファイルの変更を検出しました\n[2025-03-12T22:18:48.709Z] [DEBUG] ファイルを読み込みました: /Users/tatsuya/Desktop/システム開発/AppGenius2/AppGenius/docs/CURRENT_STATUS.md\n[2025-03-12T22:18:48.710Z] [INFO] 0個のスコープを読み込みました\n[2025-03-12T22:18:48.711Z] [ERROR] ステータスファイルの解析中にエラーが発生しました\n[2025-03-12T22:18:48.711Z] [ERROR] Error details: Cannot read properties of undefined (reading 'name')\n[2025-03-12T22:18:48.711Z] [ERROR] Stack trace: TypeError: Cannot read properties of undefined (reading 'name')\n\tat ScopeManagerPanel._parseStatusFile (/Users/tatsuya/Desktop/システム開発/AppGenius2/AppGenius/dist/extension.js:26013:89)\n\tat ScopeManagerPanel._loadStatusFile (/Users/tatsuya/Desktop/システム開発/AppGenius2/AppGenius/dist/extension.js:25389:18)\n[2025-03-12T22:18:48.711Z] [WARN] 箇条書き形式に問題があります。フォーマットを修正します。\n[2025-03-12T22:18:48.712Z] [INFO] CURRENT_STATUS.mdファイルのフォーマットを修正しました\n[2025-03-12T22:18:48.712Z] [INFO] 0個のスコープを読み込みました\n[2025-03-12T22:18:48.713Z] [ERROR] ステータスファイルの解析中にエラーが発生しました\n[2025-03-12T22:18:48.713Z] [ERROR] Error details: Cannot read properties of undefined (reading 'name')\n[2025-03-12T22:18:48.713Z] [ERROR] Stack trace: TypeError: Cannot read properties of undefined (reading 'name')\n\tat ScopeManagerPanel._parseStatusFile (/Users/tatsuya/Desktop/システム開発/AppGenius2/AppGenius/dist/extension.js:26013:89)\n\tat ScopeManagerPanel._fixStatusFileFormat (/Users/tatsuya/Desktop/システム開発/AppGenius2/AppGenius/dist/extension.js:25481:18)\n\tat async ScopeManagerPanel._loadStatusFile (/Users/tatsuya/Desktop/システム開発/AppGenius2/AppGenius/dist/extension.js:25405:17)\n[2025-03-12T22:18:48.856Z] [INFO] CURRENT_STATUS.mdファイルの変更を検出しました\n[2025-03-12T22:18:48.857Z] [DEBUG] ファイルを読み込みました: /Users/tatsuya/Desktop/システム開発/AppGenius2/AppGenius/docs/CURRENT_STATUS.md\n[2025-03-12T22:18:48.858Z] [INFO] 0個のスコープを読み込みました\n[2025-03-12T22:18:48.858Z] [ERROR] ステータスファイルの解析中にエラーが発生しました\n[2025-03-12T22:18:48.859Z] [ERROR] Error details: Cannot read properties of undefined (reading 'name')\n[2025-03-12T22:18:48.859Z] [ERROR] Stack trace: TypeError: Cannot read properties of undefined (reading 'name')\n\tat ScopeManagerPanel._parseStatusFile (/Users/tatsuya/Desktop/システム開発/AppGenius2/AppGenius/dist/extension.js:26013:89)\n\tat ScopeManagerPanel._loadStatusFile (/Users/tatsuya/Desktop/システム開発/AppGenius2/AppGenius/dist/extension.js:25389:18)\n[2025-03-12T22:18:48.859Z] [WARN] 箇条書き形式に問題があります。フォーマットを修正します。\n[2025-03-12T22:18:48.860Z] [INFO] CURRENT_STATUS.mdファイルのフォーマットを修正しました\n[2025-03-12T22:18:48.860Z] [INFO] 0個のスコープを読み込みました\n[2025-03-12T22:18:48.861Z] [ERROR] ステータスファイルの解析中にエラーが発生しました\n[2025-03-12T22:18:48.861Z] [ERROR] Error details: Cannot read properties of undefined (reading 'name')\n[2025-03-12T22:18:48.861Z] [ERROR] Stack trace: TypeError: Cannot read properties of undefined (reading 'name')\n\tat ScopeManagerPanel._parseStatusFile (/Users/tatsuya/Desktop/システム開発/AppGenius2/AppGenius/dist/extension.js:26013:89)\n\tat ScopeManagerPanel._fixStatusFileFormat (/Users/tatsuya/Desktop/システム開発/AppGenius2/AppGenius/dist/extension.js:25481:18)\n\tat async ScopeManagerPanel._loadStatusFile (/Users/tatsuya/Desktop/システム開発/AppGenius2/AppGenius/dist/extension.js:25405:17)\n[2025-03-12T22:18:49.001Z] [INFO] CURRENT_STATUS.mdファイルの変更を検出しました\n[2025-03-12T22:18:49.002Z] [DEBUG] ファイルを読み込みました: /Users/tatsuya/Desktop/システム開発/AppGenius2/AppGenius/docs/CURRENT_STATUS.md\n[2025-03-12T22:18:49.003Z] [INFO] 0個のスコープを読み込みました\n[2025-03-12T22:18:49.004Z] [ERROR] ステータスファイルの解析中にエラーが発生しました\n[2025-03-12T22:18:49.004Z] [ERROR] Error details: Cannot read properties of undefined (reading 'name')\n[2025-03-12T22:18:49.004Z] [ERROR] Stack trace: TypeError: Cannot read properties of undefined (reading 'name')\n\tat ScopeManagerPanel._parseStatusFile (/Users/tatsuya/Desktop/システム開発/AppGenius2/AppGenius/dist/extension.js:26013:89)\n\tat ScopeManagerPanel._loadStatusFile (/Users/tatsuya/Desktop/システム開発/AppGenius2/AppGenius/dist/extension.js:25389:18)\n[2025-03-12T22:18:49.004Z] [WARN] 箇条書き形式に問題があります。フォーマットを修正します。\n[2025-03-12T22:18:49.005Z] [INFO] CURRENT_STATUS.mdファイルのフォーマットを修正しました\n[2025-03-12T22:18:49.005Z] [INFO] 0個のスコープを読み込みました\n[2025-03-12T22:18:49.006Z] [ERROR] ステータスファイルの解析中にエラーが発生しました\n[2025-03-12T22:18:49.006Z] [ERROR] Error details: Cannot read properties of undefined (reading 'name')\n[2025-03-12T22:18:49.006Z] [ERROR] Stack trace: TypeError: Cannot read properties of undefined (reading 'name')\n\tat ScopeManagerPanel._parseStatusFile (/Users/tatsuya/Desktop/システム開発/AppGenius2/AppGenius/dist/extension.js:26013:89)\n\tat ScopeManagerPanel._fixStatusFileFormat (/Users/tatsuya/Desktop/システム開発/AppGenius2/AppGenius/dist/extension.js:25481:18)\n\tat async ScopeManagerPanel._loadStatusFile (/Users/tatsuya/Desktop/システム開発/AppGenius2/AppGenius/dist/extension.js:25405:17)\n[2025-03-12T22:18:49.149Z] [INFO] CURRENT_STATUS.mdファイルの変更を検出しました\n[2025-03-12T22:18:49.150Z] [DEBUG] ファイルを読み込みました: /Users/tatsuya/Desktop/システム開発/AppGenius2/AppGenius/docs/CURRENT_STATUS.md\n[2025-03-12T22:18:49.151Z] [INFO] 0個のスコープを読み込みました\n[2025-03-12T22:18:49.152Z] [ERROR] ステータスファイルの解析中にエラーが発生しました\n[2025-03-12T22:18:49.152Z] [ERROR] Error details: Cannot read properties of undefined (reading 'name')\n[2025-03-12T22:18:49.152Z] [ERROR] Stack trace: TypeError: Cannot read properties of undefined (reading 'name')\n\tat ScopeManagerPanel._parseStatusFile (/Users/tatsuya/Desktop/システム開発/AppGenius2/AppGenius/dist/extension.js:26013:89)\n\tat ScopeManagerPanel._loadStatusFile (/Users/tatsuya/Desktop/システム開発/AppGenius2/AppGenius/dist/extension.js:25389:18)\n[2025-03-12T22:18:49.153Z] [WARN] 箇条書き形式に問題があります。フォーマットを修正します。\n[2025-03-12T22:18:49.154Z] [INFO] CURRENT_STATUS.mdファイルのフォーマットを修正しました\n[2025-03-12T22:18:49.154Z] [INFO] 0個のスコープを読み込みました\n[2025-03-12T22:18:49.155Z] [ERROR] ステータスファイルの解析中にエラーが発生しました\n[2025-03-12T22:18:49.155Z] [ERROR] Error details: Cannot read properties of undefined (reading 'name')\n[2025-03-12T22:18:49.155Z] [ERROR] Stack trace: TypeError: Cannot read properties of undefined (reading 'name')\n\tat ScopeManagerPanel._parseStatusFile (/Users/tatsuya/Desktop/システム開発/AppGenius2/AppGenius/dist/extension.js:26013:89)\n\tat ScopeManagerPanel._fixStatusFileFormat (/Users/tatsuya/Desktop/システム開発/AppGenius2/AppGenius/dist/extension.js:25481:18)\n\tat async ScopeManagerPanel._loadStatusFile (/Users/tatsuya/Desktop/システム開発/AppGenius2/AppGenius/dist/extension.js:25405:17)\n[2025-03-12T22:18:49.295Z] [INFO] CURRENT_STATUS.mdファイルの変更を検出しました\n[2025-03-12T22:18:49.296Z] [DEBUG] ファイルを読み込みました: /Users/tatsuya/Desktop/システム開発/AppGenius2/AppGenius/docs/CURRENT_STATUS.md\n[2025-03-12T22:18:49.297Z] [INFO] 0個のスコープを読み込みました\n[2025-03-12T22:18:49.298Z] [ERROR] ステータスファイルの解析中にエラーが発生しました\n[2025-03-12T22:18:49.298Z] [ERROR] Error details: Cannot read properties of undefined (reading 'name')\n[2025-03-12T22:18:49.299Z] [ERROR] Stack trace: TypeError: Cannot read properties of undefined (reading 'name')\n\tat ScopeManagerPanel._parseStatusFile (/Users/tatsuya/Desktop/システム開発/AppGenius2/AppGenius/dist/extension.js:26013:89)\n\tat ScopeManagerPanel._loadStatusFile (/Users/tatsuya/Desktop/システム開発/AppGenius2/AppGenius/dist/extension.js:25389:18)\n[2025-03-12T22:18:49.299Z] [WARN] 箇条書き形式に問題があります。フォーマットを修正します。\n[2025-03-12T22:18:49.301Z] [INFO] CURRENT_STATUS.mdファイルのフォーマットを修正しました\n[2025-03-12T22:18:49.301Z] [INFO] 0個のスコープを読み込みました\n[2025-03-12T22:18:49.301Z] [ERROR] ステータスファイルの解析中にエラーが発生しました\n[2025-03-12T22:18:49.302Z] [ERROR] Error details: Cannot read properties of undefined (reading 'name')\n[2025-03-12T22:18:49.302Z] [ERROR] Stack trace: TypeError: Cannot read properties of undefined (reading 'name')\n\tat ScopeManagerPanel._parseStatusFile (/Users/tatsuya/Desktop/システム開発/AppGenius2/AppGenius/dist/extension.js:26013:89)\n\tat ScopeManagerPanel._fixStatusFileFormat (/Users/tatsuya/Desktop/システム開発/AppGenius2/AppGenius/dist/extension.js:25481:18)\n\tat async ScopeManagerPanel._loadStatusFile (/Users/tatsuya/Desktop/システム開発/AppGenius2/AppGenius/dist/extension.js:25405:17)\n[2025-03-12T22:18:49.440Z] [INFO] CURRENT_STATUS.mdファイルの変更を検出しました\n[2025-03-12T22:18:49.441Z] [DEBUG] ファイルを読み込みました: /Users/tatsuya/Desktop/システム開発/AppGenius2/AppGenius/docs/CURRENT_STATUS.md\n[2025-03-12T22:18:49.442Z] [INFO] 0個のスコープを読み込みました\n[2025-03-12T22:18:49.444Z] [ERROR] ステータスファイルの解析中にエラーが発生しました\n[2025-03-12T22:18:49.444Z] [ERROR] Error details: Cannot read properties of undefined (reading 'name')\n[2025-03-12T22:18:49.444Z] [ERROR] Stack trace: TypeError: Cannot read properties of undefined (reading 'name')\n\tat ScopeManagerPanel._parseStatusFile (/Users/tatsuya/Desktop/システム開発/AppGenius2/AppGenius/dist/extension.js:26013:89)\n\tat ScopeManagerPanel._loadStatusFile (/Users/tatsuya/Desktop/システム開発/AppGenius2/AppGenius/dist/extension.js:25389:18)\n[2025-03-12T22:18:49.444Z] [WARN] 箇条書き形式に問題があります。フォーマットを修正します。\n[2025-03-12T22:18:49.447Z] [INFO] CURRENT_STATUS.mdファイルのフォーマットを修正しました\n[2025-03-12T22:18:49.447Z] [INFO] 0個のスコープを読み込みました\n[2025-03-12T22:18:49.448Z] [ERROR] ステータスファイルの解析中にエラーが発生しました\n[2025-03-12T22:18:49.448Z] [ERROR] Error details: Cannot read properties of undefined (reading 'name')\n[2025-03-12T22:18:49.448Z] [ERROR] Stack trace: TypeError: Cannot read properties of undefined (reading 'name')\n\tat ScopeManagerPanel._parseStatusFile (/Users/tatsuya/Desktop/システム開発/AppGenius2/AppGenius/dist/extension.js:26013:89)\n\tat ScopeManagerPanel._fixStatusFileFormat (/Users/tatsuya/Desktop/システム開発/AppGenius2/AppGenius/dist/extension.js:25481:18)\n\tat async ScopeManagerPanel._loadStatusFile (/Users/tatsuya/Desktop/システム開発/AppGenius2/AppGenius/dist/extension.js:25405:17)\n[2025-03-12T22:18:49.589Z] [INFO] CURRENT_STATUS.mdファイルの変更を検出しました\n[2025-03-12T22:18:49.590Z] [DEBUG] ファイルを読み込みました: /Users/tatsuya/Desktop/システム開発/AppGenius2/AppGenius/docs/CURRENT_STATUS.md\n[2025-03-12T22:18:49.591Z] [INFO] 0個のスコープを読み込みました\n[2025-03-12T22:18:49.592Z] [ERROR] ステータスファイルの解析中にエラーが発生しました\n[2025-03-12T22:18:49.592Z] [ERROR] Error details: Cannot read properties of undefined (reading 'name')\n[2025-03-12T22:18:49.592Z] [ERROR] Stack trace: TypeError: Cannot read properties of undefined (reading 'name')\n\tat ScopeManagerPanel._parseStatusFile (/Users/tatsuya/Desktop/システム開発/AppGenius2/AppGenius/dist/extension.js:26013:89)\n\tat ScopeManagerPanel._loadStatusFile (/Users/tatsuya/Desktop/システム開発/AppGenius2/AppGenius/dist/extension.js:25389:18)\n[2025-03-12T22:18:49.592Z] [WARN] 箇条書き形式に問題があります。フォーマットを修正します。\n[2025-03-12T22:18:49.594Z] [INFO] CURRENT_STATUS.mdファイルのフォーマットを修正しました\n[2025-03-12T22:18:49.595Z] [INFO] 0個のスコープを読み込みました\n[2025-03-12T22:18:49.596Z] [ERROR] ステータスファイルの解析中にエラーが発生しました\n[2025-03-12T22:18:49.596Z] [ERROR] Error details: Cannot read properties of undefined (reading 'name')\n[2025-03-12T22:18:49.596Z] [ERROR] Stack trace: TypeError: Cannot read properties of undefined (reading 'name')\n\tat ScopeManagerPanel._parseStatusFile (/Users/tatsuya/Desktop/システム開発/AppGenius2/AppGenius/dist/extension.js:26013:89)\n\tat ScopeManagerPanel._fixStatusFileFormat (/Users/tatsuya/Desktop/システム開発/AppGenius2/AppGenius/dist/extension.js:25481:18)\n\tat async ScopeManagerPanel._loadStatusFile (/Users/tatsuya/Desktop/システム開発/AppGenius2/AppGenius/dist/extension.js:25405:17)\n[2025-03-12T22:18:49.736Z] [INFO] CURRENT_STATUS.mdファイルの変更を検出しました\n[2025-03-12T22:18:49.737Z] [DEBUG] ファイルを読み込みました: /Users/tatsuya/Desktop/システム開発/AppGenius2/AppGenius/docs/CURRENT_STATUS.md\n[2025-03-12T22:18:49.738Z] [INFO] 0個のスコープを読み込みました\n[2025-03-12T22:18:49.739Z] [ERROR] ステータスファイルの解析中にエラーが発生しました\n[2025-03-12T22:18:49.739Z] [ERROR] Error details: Cannot read properties of undefined (reading 'name')\n[2025-03-12T22:18:49.739Z] [ERROR] Stack trace: TypeError: Cannot read properties of undefined (reading 'name')\n\tat ScopeManagerPanel._parseStatusFile (/Users/tatsuya/Desktop/システム開発/AppGenius2/AppGenius/dist/extension.js:26013:89)\n\tat ScopeManagerPanel._loadStatusFile (/Users/tatsuya/Desktop/システム開発/AppGenius2/AppGenius/dist/extension.js:25389:18)\n[2025-03-12T22:18:49.739Z] [WARN] 箇条書き形式に問題があります。フォーマットを修正します。\n[2025-03-12T22:18:49.741Z] [INFO] CURRENT_STATUS.mdファイルのフォーマットを修正しました\n[2025-03-12T22:18:49.741Z] [INFO] 0個のスコープを読み込みました\n[2025-03-12T22:18:49.741Z] [ERROR] ステータスファイルの解析中にエラーが発生しました\n[2025-03-12T22:18:49.742Z] [ERROR] Error details: Cannot read properties of undefined (reading 'name')\n[2025-03-12T22:18:49.742Z] [ERROR] Stack trace: TypeError: Cannot read properties of undefined (reading 'name')\n\tat ScopeManagerPanel._parseStatusFile (/Users/tatsuya/Desktop/システム開発/AppGenius2/AppGenius/dist/extension.js:26013:89)\n\tat ScopeManagerPanel._fixStatusFileFormat (/Users/tatsuya/Desktop/システム開発/AppGenius2/AppGenius/dist/extension.js:25481:18)\n\tat async ScopeManagerPanel._loadStatusFile (/Users/tatsuya/Desktop/システム開発/AppGenius2/AppGenius/dist/extension.js:25405:17)\n[2025-03-12T22:18:49.883Z] [INFO] CURRENT_STATUS.mdファイルの変更を検出しました\n[2025-03-12T22:18:49.883Z] [DEBUG] ファイルを読み込みました: /Users/tatsuya/Desktop/システム開発/AppGenius2/AppGenius/docs/CURRENT_STATUS.md\n[2025-03-12T22:18:49.884Z] [INFO] 0個のスコープを読み込みました\n[2025-03-12T22:18:49.885Z] [ERROR] ステータスファイルの解析中にエラーが発生しました\n[2025-03-12T22:18:49.885Z] [ERROR] Error details: Cannot read properties of undefined (reading 'name')\n[2025-03-12T22:18:49.885Z] [ERROR] Stack trace: TypeError: Cannot read properties of undefined (reading 'name')\n\tat ScopeManagerPanel._parseStatusFile (/Users/tatsuya/Desktop/システム開発/AppGenius2/AppGenius/dist/extension.js:26013:89)\n\tat ScopeManagerPanel._loadStatusFile (/Users/tatsuya/Desktop/システム開発/AppGenius2/AppGenius/dist/extension.js:25389:18)\n[2025-03-12T22:18:49.885Z] [WARN] 箇条書き形式に問題があります。フォーマットを修正します。\n[2025-03-12T22:18:49.886Z] [INFO] CURRENT_STATUS.mdファイルのフォーマットを修正しました\n[2025-03-12T22:18:49.886Z] [INFO] 0個のスコープを読み込みました\n[2025-03-12T22:18:49.887Z] [ERROR] ステータスファイルの解析中にエラーが発生しました\n[2025-03-12T22:18:49.887Z] [ERROR] Error details: Cannot read properties of undefined (reading 'name')\n[2025-03-12T22:18:49.887Z] [ERROR] Stack trace: TypeError: Cannot read properties of undefined (reading 'name')\n\tat ScopeManagerPanel._parseStatusFile (/Users/tatsuya/Desktop/システム開発/AppGenius2/AppGenius/dist/extension.js:26013:89)\n\tat ScopeManagerPanel._fixStatusFileFormat (/Users/tatsuya/Desktop/システム開発/AppGenius2/AppGenius/dist/extension.js:25481:18)\n\tat async ScopeManagerPanel._loadStatusFile (/Users/tatsuya/Desktop/システム開発/AppGenius2/AppGenius/dist/extension.js:25405:17)\n[2025-03-12T22:18:50.032Z] [INFO] CURRENT_STATUS.mdファイルの変更を検出しました\n[2025-03-12T22:18:50.033Z] [DEBUG] ファイルを読み込みました: /Users/tatsuya/Desktop/システム開発/AppGenius2/AppGenius/docs/CURRENT_STATUS.md\n[2025-03-12T22:18:50.034Z] [INFO] 0個のスコープを読み込みました\n[2025-03-12T22:18:50.035Z] [ERROR] ステータスファイルの解析中にエラーが発生しました\n[2025-03-12T22:18:50.035Z] [ERROR] Error details: Cannot read properties of undefined (reading 'name')\n[2025-03-12T22:18:50.035Z] [ERROR] Stack trace: TypeError: Cannot read properties of undefined (reading 'name')\n\tat ScopeManagerPanel._parseStatusFile (/Users/tatsuya/Desktop/システム開発/AppGenius2/AppGenius/dist/extension.js:26013:89)\n\tat ScopeManagerPanel._loadStatusFile (/Users/tatsuya/Desktop/システム開発/AppGenius2/AppGenius/dist/extension.js:25389:18)\n[2025-03-12T22:18:50.036Z] [WARN] 箇条書き形式に問題があります。フォーマットを修正します。\n[2025-03-12T22:18:50.037Z] [INFO] CURRENT_STATUS.mdファイルのフォーマットを修正しました\n[2025-03-12T22:18:50.037Z] [INFO] 0個のスコープを読み込みました\n[2025-03-12T22:18:50.038Z] [ERROR] ステータスファイルの解析中にエラーが発生しました\n[2025-03-12T22:18:50.038Z] [ERROR] Error details: Cannot read properties of undefined (reading 'name')\n[2025-03-12T22:18:50.038Z] [ERROR] Stack trace: TypeError: Cannot read properties of undefined (reading 'name')\n\tat ScopeManagerPanel._parseStatusFile (/Users/tatsuya/Desktop/システム開発/AppGenius2/AppGenius/dist/extension.js:26013:89)\n\tat ScopeManagerPanel._fixStatusFileFormat (/Users/tatsuya/Desktop/システム開発/AppGenius2/AppGenius/dist/extension.js:25481:18)\n\tat async ScopeManagerPanel._loadStatusFile (/Users/tatsuya/Desktop/システム開発/AppGenius2/AppGenius/dist/extension.js:25405:17)\n[2025-03-12T22:18:50.178Z] [INFO] CURRENT_STATUS.mdファイルの変更を検出しました\n[2025-03-12T22:18:50.178Z] [DEBUG] ファイルを読み込みました: /Users/tatsuya/Desktop/システム開発/AppGenius2/AppGenius/docs/CURRENT_STATUS.md\n[2025-03-12T22:18:50.179Z] [INFO] 0個のスコープを読み込みました\n[2025-03-12T22:18:50.180Z] [ERROR] ステータスファイルの解析中にエラーが発生しました\n[2025-03-12T22:18:50.180Z] [ERROR] Error details: Cannot read properties of undefined (reading 'name')\n[2025-03-12T22:18:50.180Z] [ERROR] Stack trace: TypeError: Cannot read properties of undefined (reading 'name')\n\tat ScopeManagerPanel._parseStatusFile (/Users/tatsuya/Desktop/システム開発/AppGenius2/AppGenius/dist/extension.js:26013:89)\n\tat ScopeManagerPanel._loadStatusFile (/Users/tatsuya/Desktop/システム開発/AppGenius2/AppGenius/dist/extension.js:25389:18)\n[2025-03-12T22:18:50.180Z] [WARN] 箇条書き形式に問題があります。フォーマットを修正します。\n[2025-03-12T22:18:50.182Z] [INFO] CURRENT_STATUS.mdファイルのフォーマットを修正しました\n[2025-03-12T22:18:50.182Z] [INFO] 0個のスコープを読み込みました\n[2025-03-12T22:18:50.182Z] [ERROR] ステータスファイルの解析中にエラーが発生しました\n[2025-03-12T22:18:50.183Z] [ERROR] Error details: Cannot read properties of undefined (reading 'name')\n[2025-03-12T22:18:50.183Z] [ERROR] Stack trace: TypeError: Cannot read properties of undefined (reading 'name')\n\tat ScopeManagerPanel._parseStatusFile (/Users/tatsuya/Desktop/システム開発/AppGenius2/AppGenius/dist/extension.js:26013:89)\n\tat ScopeManagerPanel._fixStatusFileFormat (/Users/tatsuya/Desktop/システム開発/AppGenius2/AppGenius/dist/extension.js:25481:18)\n\tat async ScopeManagerPanel._loadStatusFile (/Users/tatsuya/Desktop/システム開発/AppGenius2/AppGenius/dist/extension.js:25405:17)\n[2025-03-12T22:18:50.322Z] [INFO] CURRENT_STATUS.mdファイルの変更を検出しました\n[2025-03-12T22:18:50.323Z] [DEBUG] ファイルを読み込みました: /Users/tatsuya/Desktop/システム開発/AppGenius2/AppGenius/docs/CURRENT_STATUS.md\n[2025-03-12T22:18:50.323Z] [INFO] 0個のスコープを読み込みました\n[2025-03-12T22:18:50.324Z] [ERROR] ステータスファイルの解析中にエラーが発生しました\n[2025-03-12T22:18:50.324Z] [ERROR] Error details: Cannot read properties of undefined (reading 'name')\n[2025-03-12T22:18:50.324Z] [ERROR] Stack trace: TypeError: Cannot read properties of undefined (reading 'name')\n\tat ScopeManagerPanel._parseStatusFile (/Users/tatsuya/Desktop/システム開発/AppGenius2/AppGenius/dist/extension.js:26013:89)\n\tat ScopeManagerPanel._loadStatusFile (/Users/tatsuya/Desktop/システム開発/AppGenius2/AppGenius/dist/extension.js:25389:18)\n[2025-03-12T22:18:50.324Z] [WARN] 箇条書き形式に問題があります。フォーマットを修正します。\n[2025-03-12T22:18:50.325Z] [INFO] CURRENT_STATUS.mdファイルのフォーマットを修正しました\n[2025-03-12T22:18:50.326Z] [INFO] 0個のスコープを読み込みました\n[2025-03-12T22:18:50.326Z] [ERROR] ステータスファイルの解析中にエラーが発生しました\n[2025-03-12T22:18:50.326Z] [ERROR] Error details: Cannot read properties of undefined (reading 'name')\n[2025-03-12T22:18:50.326Z] [ERROR] Stack trace: TypeError: Cannot read properties of undefined (reading 'name')\n\tat ScopeManagerPanel._parseStatusFile (/Users/tatsuya/Desktop/システム開発/AppGenius2/AppGenius/dist/extension.js:26013:89)\n\tat ScopeManagerPanel._fixStatusFileFormat (/Users/tatsuya/Desktop/システム開発/AppGenius2/AppGenius/dist/extension.js:25481:18)\n\tat async ScopeManagerPanel._loadStatusFile (/Users/tatsuya/Desktop/システム開発/AppGenius2/AppGenius/dist/extension.js:25405:17)\n[2025-03-12T22:18:50.471Z] [INFO] CURRENT_STATUS.mdファイルの変更を検出しました\n[2025-03-12T22:18:50.472Z] [DEBUG] ファイルを読み込みました: /Users/tatsuya/Desktop/システム開発/AppGenius2/AppGenius/docs/CURRENT_STATUS.md\n[2025-03-12T22:18:50.473Z] [INFO] 0個のスコープを読み込みました\n[2025-03-12T22:18:50.473Z] [ERROR] ステータスファイルの解析中にエラーが発生しました\n[2025-03-12T22:18:50.474Z] [ERROR] Error details: Cannot read properties of undefined (reading 'name')\n[2025-03-12T22:18:50.474Z] [ERROR] Stack trace: TypeError: Cannot read properties of undefined (reading 'name')\n\tat ScopeManagerPanel._parseStatusFile (/Users/tatsuya/Desktop/システム開発/AppGenius2/AppGenius/dist/extension.js:26013:89)\n\tat ScopeManagerPanel._loadStatusFile (/Users/tatsuya/Desktop/システム開発/AppGenius2/AppGenius/dist/extension.js:25389:18)\n[2025-03-12T22:18:50.474Z] [WARN] 箇条書き形式に問題があります。フォーマットを修正します。\n[2025-03-12T22:18:50.475Z] [INFO] CURRENT_STATUS.mdファイルのフォーマットを修正しました\n[2025-03-12T22:18:50.476Z] [INFO] 0個のスコープを読み込みました\n[2025-03-12T22:18:50.476Z] [ERROR] ステータスファイルの解析中にエラーが発生しました\n[2025-03-12T22:18:50.476Z] [ERROR] Error details: Cannot read properties of undefined (reading 'name')\n[2025-03-12T22:18:50.477Z] [ERROR] Stack trace: TypeError: Cannot read properties of undefined (reading 'name')\n\tat ScopeManagerPanel._parseStatusFile (/Users/tatsuya/Desktop/システム開発/AppGenius2/AppGenius/dist/extension.js:26013:89)\n\tat ScopeManagerPanel._fixStatusFileFormat (/Users/tatsuya/Desktop/システム開発/AppGenius2/AppGenius/dist/extension.js:25481:18)\n\tat async ScopeManagerPanel._loadStatusFile (/Users/tatsuya/Desktop/システム開発/AppGenius2/AppGenius/dist/extension.js:25405:17)\n[2025-03-12T22:18:50.618Z] [INFO] CURRENT_STATUS.mdファイルの変更を検出しました\n[2025-03-12T22:18:50.619Z] [DEBUG] ファイルを読み込みました: /Users/tatsuya/Desktop/システム開発/AppGenius2/AppGenius/docs/CURRENT_STATUS.md\n[2025-03-12T22:18:50.620Z] [INFO] 0個のスコープを読み込みました\n[2025-03-12T22:18:50.621Z] [ERROR] ステータスファイルの解析中にエラーが発生しました\n[2025-03-12T22:18:50.621Z] [ERROR] Error details: Cannot read properties of undefined (reading 'name')\n[2025-03-12T22:18:50.621Z] [ERROR] Stack trace: TypeError: Cannot read properties of undefined (reading 'name')\n\tat ScopeManagerPanel._parseStatusFile (/Users/tatsuya/Desktop/システム開発/AppGenius2/AppGenius/dist/extension.js:26013:89)\n\tat ScopeManagerPanel._loadStatusFile (/Users/tatsuya/Desktop/システム開発/AppGenius2/AppGenius/dist/extension.js:25389:18)\n[2025-03-12T22:18:50.622Z] [WARN] 箇条書き形式に問題があります。フォーマットを修正します。\n[2025-03-12T22:18:50.626Z] [INFO] CURRENT_STATUS.mdファイルのフォーマットを修正しました\n[2025-03-12T22:18:50.626Z] [INFO] 0個のスコープを読み込みました\n[2025-03-12T22:18:50.627Z] [ERROR] ステータスファイルの解析中にエラーが発生しました\n[2025-03-12T22:18:50.627Z] [ERROR] Error details: Cannot read properties of undefined (reading 'name')\n[2025-03-12T22:18:50.627Z] [ERROR] Stack trace: TypeError: Cannot read properties of undefined (reading 'name')\n\tat ScopeManagerPanel._parseStatusFile (/Users/tatsuya/Desktop/システム開発/AppGenius2/AppGenius/dist/extension.js:26013:89)\n\tat ScopeManagerPanel._fixStatusFileFormat (/Users/tatsuya/Desktop/システム開発/AppGenius2/AppGenius/dist/extension.js:25481:18)\n\tat async ScopeManagerPanel._loadStatusFile (/Users/tatsuya/Desktop/システム開発/AppGenius2/AppGenius/dist/extension.js:25405:17)\n[2025-03-12T22:18:50.766Z] [INFO] CURRENT_STATUS.mdファイルの変更を検出しました\n[2025-03-12T22:18:50.767Z] [DEBUG] ファイルを読み込みました: /Users/tatsuya/Desktop/システム開発/AppGenius2/AppGenius/docs/CURRENT_STATUS.md\n[2025-03-12T22:18:50.767Z] [INFO] 0個のスコープを読み込みました\n[2025-03-12T22:18:50.768Z] [ERROR] ステータスファイルの解析中にエラーが発生しました\n[2025-03-12T22:18:50.768Z] [ERROR] Error details: Cannot read properties of undefined (reading 'name')\n[2025-03-12T22:18:50.768Z] [ERROR] Stack trace: TypeError: Cannot read properties of undefined (reading 'name')\n\tat ScopeManagerPanel._parseStatusFile (/Users/tatsuya/Desktop/システム開発/AppGenius2/AppGenius/dist/extension.js:26013:89)\n\tat ScopeManagerPanel._loadStatusFile (/Users/tatsuya/Desktop/システム開発/AppGenius2/AppGenius/dist/extension.js:25389:18)\n[2025-03-12T22:18:50.768Z] [WARN] 箇条書き形式に問題があります。フォーマットを修正します。\n[2025-03-12T22:18:50.770Z] [INFO] CURRENT_STATUS.mdファイルのフォーマットを修正しました\n[2025-03-12T22:18:50.770Z] [INFO] 0個のスコープを読み込みました\n[2025-03-12T22:18:50.770Z] [ERROR] ステータスファイルの解析中にエラーが発生しました\n[2025-03-12T22:18:50.770Z] [ERROR] Error details: Cannot read properties of undefined (reading 'name')\n[2025-03-12T22:18:50.770Z] [ERROR] Stack trace: TypeError: Cannot read properties of undefined (reading 'name')\n\tat ScopeManagerPanel._parseStatusFile (/Users/tatsuya/Desktop/システム開発/AppGenius2/AppGenius/dist/extension.js:26013:89)\n\tat ScopeManagerPanel._fixStatusFileFormat (/Users/tatsuya/Desktop/システム開発/AppGenius2/AppGenius/dist/extension.js:25481:18)\n\tat async ScopeManagerPanel._loadStatusFile (/Users/tatsuya/Desktop/システム開発/AppGenius2/AppGenius/dist/extension.js:25405:17)\n[2025-03-12T22:18:50.912Z] [INFO] CURRENT_STATUS.mdファイルの変更を検出しました\n[2025-03-12T22:18:50.912Z] [DEBUG] ファイルを読み込みました: /Users/tatsuya/Desktop/システム開発/AppGenius2/AppGenius/docs/CURRENT_STATUS.md\n[2025-03-12T22:18:50.912Z] [INFO] 0個のスコープを読み込みました\n[2025-03-12T22:18:50.913Z] [ERROR] ステータスファイルの解析中にエラーが発生しました\n[2025-03-12T22:18:50.913Z] [ERROR] Error details: Cannot read properties of undefined (reading 'name')\n[2025-03-12T22:18:50.913Z] [ERROR] Stack trace: TypeError: Cannot read properties of undefined (reading 'name')\n\tat ScopeManagerPanel._parseStatusFile (/Users/tatsuya/Desktop/システム開発/AppGenius2/AppGenius/dist/extension.js:26013:89)\n\tat ScopeManagerPanel._loadStatusFile (/Users/tatsuya/Desktop/システム開発/AppGenius2/AppGenius/dist/extension.js:25389:18)\n[2025-03-12T22:18:50.913Z] [WARN] 箇条書き形式に問題があります。フォーマットを修正します。\n[2025-03-12T22:18:50.913Z] [INFO] CURRENT_STATUS.mdファイルのフォーマットを修正しました\n[2025-03-12T22:18:50.913Z] [INFO] 0個のスコープを読み込みました\n[2025-03-12T22:18:50.914Z] [ERROR] ステータスファイルの解析中にエラーが発生しました\n[2025-03-12T22:18:50.914Z] [ERROR] Error details: Cannot read properties of undefined (reading 'name')\n[2025-03-12T22:18:50.914Z] [ERROR] Stack trace: TypeError: Cannot read properties of undefined (reading 'name')\n\tat ScopeManagerPanel._parseStatusFile (/Users/tatsuya/Desktop/システム開発/AppGenius2/AppGenius/dist/extension.js:26013:89)\n\tat ScopeManagerPanel._fixStatusFileFormat (/Users/tatsuya/Desktop/システム開発/AppGenius2/AppGenius/dist/extension.js:25481:18)\n\tat async ScopeManagerPanel._loadStatusFile (/Users/tatsuya/Desktop/システム開発/AppGenius2/AppGenius/dist/extension.js:25405:17)\n[2025-03-12T22:18:51.060Z] [INFO] CURRENT_STATUS.mdファイルの変更を検出しました\n[2025-03-12T22:18:51.061Z] [DEBUG] ファイルを読み込みました: /Users/tatsuya/Desktop/システム開発/AppGenius2/AppGenius/docs/CURRENT_STATUS.md\n[2025-03-12T22:18:51.061Z] [INFO] 0個のスコープを読み込みました\n[2025-03-12T22:18:51.062Z] [ERROR] ステータスファイルの解析中にエラーが発生しました\n[2025-03-12T22:18:51.062Z] [ERROR] Error details: Cannot read properties of undefined (reading 'name')\n[2025-03-12T22:18:51.062Z] [ERROR] Stack trace: TypeError: Cannot read properties of undefined (reading 'name')\n\tat ScopeManagerPanel._parseStatusFile (/Users/tatsuya/Desktop/システム開発/AppGenius2/AppGenius/dist/extension.js:26013:89)\n\tat ScopeManagerPanel._loadStatusFile (/Users/tatsuya/Desktop/システム開発/AppGenius2/AppGenius/dist/extension.js:25389:18)\n[2025-03-12T22:18:51.062Z] [WARN] 箇条書き形式に問題があります。フォーマットを修正します。\n[2025-03-12T22:18:51.063Z] [INFO] CURRENT_STATUS.mdファイルのフォーマットを修正しました\n[2025-03-12T22:18:51.066Z] [INFO] 0個のスコープを読み込みました\n[2025-03-12T22:18:51.067Z] [ERROR] ステータスファイルの解析中にエラーが発生しました\n[2025-03-12T22:18:51.067Z] [ERROR] Error details: Cannot read properties of undefined (reading 'name')\n[2025-03-12T22:18:51.067Z] [ERROR] Stack trace: TypeError: Cannot read properties of undefined (reading 'name')\n\tat ScopeManagerPanel._parseStatusFile (/Users/tatsuya/Desktop/システム開発/AppGenius2/AppGenius/dist/extension.js:26013:89)\n\tat ScopeManagerPanel._fixStatusFileFormat (/Users/tatsuya/Desktop/システム開発/AppGenius2/AppGenius/dist/extension.js:25481:18)\n\tat async ScopeManagerPanel._loadStatusFile (/Users/tatsuya/Desktop/システム開発/AppGenius2/AppGenius/dist/extension.js:25405:17)\n[2025-03-12T22:18:51.210Z] [INFO] CURRENT_STATUS.mdファイルの変更を検出しました\n[2025-03-12T22:18:51.211Z] [DEBUG] ファイルを読み込みました: /Users/tatsuya/Desktop/システム開発/AppGenius2/AppGenius/docs/CURRENT_STATUS.md\n[2025-03-12T22:18:51.212Z] [INFO] 0個のスコープを読み込みました\n[2025-03-12T22:18:51.213Z] [ERROR] ステータスファイルの解析中にエラーが発生しました\n[2025-03-12T22:18:51.213Z] [ERROR] Error details: Cannot read properties of undefined (reading 'name')\n[2025-03-12T22:18:51.214Z] [ERROR] Stack trace: TypeError: Cannot read properties of undefined (reading 'name')\n\tat ScopeManagerPanel._parseStatusFile (/Users/tatsuya/Desktop/システム開発/AppGenius2/AppGenius/dist/extension.js:26013:89)\n\tat ScopeManagerPanel._loadStatusFile (/Users/tatsuya/Desktop/システム開発/AppGenius2/AppGenius/dist/extension.js:25389:18)\n[2025-03-12T22:18:51.214Z] [WARN] 箇条書き形式に問題があります。フォーマットを修正します。\n[2025-03-12T22:18:51.215Z] [INFO] CURRENT_STATUS.mdファイルのフォーマットを修正しました\n[2025-03-12T22:18:51.215Z] [INFO] 0個のスコープを読み込みました\n[2025-03-12T22:18:51.216Z] [ERROR] ステータスファイルの解析中にエラーが発生しました\n[2025-03-12T22:18:51.216Z] [ERROR] Error details: Cannot read properties of undefined (reading 'name')\n[2025-03-12T22:18:51.216Z] [ERROR] Stack trace: TypeError: Cannot read properties of undefined (reading 'name')\n\tat ScopeManagerPanel._parseStatusFile (/Users/tatsuya/Desktop/システム開発/AppGenius2/AppGenius/dist/extension.js:26013:89)\n\tat ScopeManagerPanel._fixStatusFileFormat (/Users/tatsuya/Desktop/システム開発/AppGenius2/AppGenius/dist/extension.js:25481:18)\n\tat async ScopeManagerPanel._loadStatusFile (/Users/tatsuya/Desktop/システム開発/AppGenius2/AppGenius/dist/extension.js:25405:17)\n[2025-03-12T22:18:51.358Z] [INFO] CURRENT_STATUS.mdファイルの変更を検出しました\n[2025-03-12T22:18:51.358Z] [DEBUG] ファイルを読み込みました: /Users/tatsuya/Desktop/システム開発/AppGenius2/AppGenius/docs/CURRENT_STATUS.md\n[2025-03-12T22:18:51.359Z] [INFO] 0個のスコープを読み込みました\n[2025-03-12T22:18:51.359Z] [ERROR] ステータスファイルの解析中にエラーが発生しました\n[2025-03-12T22:18:51.359Z] [ERROR] Error details: Cannot read properties of undefined (reading 'name')\n[2025-03-12T22:18:51.359Z] [ERROR] Stack trace: TypeError: Cannot read properties of undefined (reading 'name')\n\tat ScopeManagerPanel._parseStatusFile (/Users/tatsuya/Desktop/システム開発/AppGenius2/AppGenius/dist/extension.js:26013:89)\n\tat ScopeManagerPanel._loadStatusFile (/Users/tatsuya/Desktop/システム開発/AppGenius2/AppGenius/dist/extension.js:25389:18)\n[2025-03-12T22:18:51.359Z] [WARN] 箇条書き形式に問題があります。フォーマットを修正します。\n[2025-03-12T22:18:51.360Z] [INFO] CURRENT_STATUS.mdファイルのフォーマットを修正しました\n[2025-03-12T22:18:51.360Z] [INFO] 0個のスコープを読み込みました\n[2025-03-12T22:18:51.361Z] [ERROR] ステータスファイルの解析中にエラーが発生しました\n[2025-03-12T22:18:51.361Z] [ERROR] Error details: Cannot read properties of undefined (reading 'name')\n[2025-03-12T22:18:51.361Z] [ERROR] Stack trace: TypeError: Cannot read properties of undefined (reading 'name')\n\tat ScopeManagerPanel._parseStatusFile (/Users/tatsuya/Desktop/システム開発/AppGenius2/AppGenius/dist/extension.js:26013:89)\n\tat ScopeManagerPanel._fixStatusFileFormat (/Users/tatsuya/Desktop/システム開発/AppGenius2/AppGenius/dist/extension.js:25481:18)\n\tat async ScopeManagerPanel._loadStatusFile (/Users/tatsuya/Desktop/システム開発/AppGenius2/AppGenius/dist/extension.js:25405:17)\n[2025-03-12T22:18:51.496Z] [INFO] CURRENT_STATUS.mdファイルの変更を検出しました\n[2025-03-12T22:18:51.497Z] [DEBUG] ファイルを読み込みました: /Users/tatsuya/Desktop/システム開発/AppGenius2/AppGenius/docs/CURRENT_STATUS.md\n[2025-03-12T22:18:51.498Z] [INFO] 0個のスコープを読み込みました\n[2025-03-12T22:18:51.499Z] [ERROR] ステータスファイルの解析中にエラーが発生しました\n[2025-03-12T22:18:51.499Z] [ERROR] Error details: Cannot read properties of undefined (reading 'name')\n[2025-03-12T22:18:51.499Z] [ERROR] Stack trace: TypeError: Cannot read properties of undefined (reading 'name')\n\tat ScopeManagerPanel._parseStatusFile (/Users/tatsuya/Desktop/システム開発/AppGenius2/AppGenius/dist/extension.js:26013:89)\n\tat ScopeManagerPanel._loadStatusFile (/Users/tatsuya/Desktop/システム開発/AppGenius2/AppGenius/dist/extension.js:25389:18)\n[2025-03-12T22:18:51.499Z] [WARN] 箇条書き形式に問題があります。フォーマットを修正します。\n[2025-03-12T22:18:51.500Z] [INFO] CURRENT_STATUS.mdファイルのフォーマットを修正しました\n[2025-03-12T22:18:51.501Z] [INFO] 0個のスコープを読み込みました\n[2025-03-12T22:18:51.501Z] [ERROR] ステータスファイルの解析中にエラーが発生しました\n[2025-03-12T22:18:51.502Z] [ERROR] Error details: Cannot read properties of undefined (reading 'name')\n[2025-03-12T22:18:51.502Z] [ERROR] Stack trace: TypeError: Cannot read properties of undefined (reading 'name')\n\tat ScopeManagerPanel._parseStatusFile (/Users/tatsuya/Desktop/システム開発/AppGenius2/AppGenius/dist/extension.js:26013:89)\n\tat ScopeManagerPanel._fixStatusFileFormat (/Users/tatsuya/Desktop/システム開発/AppGenius2/AppGenius/dist/extension.js:25481:18)\n\tat async ScopeManagerPanel._loadStatusFile (/Users/tatsuya/Desktop/システム開発/AppGenius2/AppGenius/dist/extension.js:25405:17)\n[2025-03-12T22:18:51.641Z] [INFO] CURRENT_STATUS.mdファイルの変更を検出しました\n[2025-03-12T22:18:51.641Z] [DEBUG] ファイルを読み込みました: /Users/tatsuya/Desktop/システム開発/AppGenius2/AppGenius/docs/CURRENT_STATUS.md\n[2025-03-12T22:18:51.642Z] [INFO] 0個のスコープを読み込みました\n[2025-03-12T22:18:51.642Z] [ERROR] ステータスファイルの解析中にエラーが発生しました\n[2025-03-12T22:18:51.642Z] [ERROR] Error details: Cannot read properties of undefined (reading 'name')\n[2025-03-12T22:18:51.643Z] [ERROR] Stack trace: TypeError: Cannot read properties of undefined (reading 'name')\n\tat ScopeManagerPanel._parseStatusFile (/Users/tatsuya/Desktop/システム開発/AppGenius2/AppGenius/dist/extension.js:26013:89)\n\tat ScopeManagerPanel._loadStatusFile (/Users/tatsuya/Desktop/システム開発/AppGenius2/AppGenius/dist/extension.js:25389:18)\n[2025-03-12T22:18:51.643Z] [WARN] 箇条書き形式に問題があります。フォーマットを修正します。\n[2025-03-12T22:18:51.643Z] [INFO] CURRENT_STATUS.mdファイルのフォーマットを修正しました\n[2025-03-12T22:18:51.644Z] [INFO] 0個のスコープを読み込みました\n[2025-03-12T22:18:51.644Z] [ERROR] ステータスファイルの解析中にエラーが発生しました\n[2025-03-12T22:18:51.644Z] [ERROR] Error details: Cannot read properties of undefined (reading 'name')\n[2025-03-12T22:18:51.644Z] [ERROR] Stack trace: TypeError: Cannot read properties of undefined (reading 'name')\n\tat ScopeManagerPanel._parseStatusFile (/Users/tatsuya/Desktop/システム開発/AppGenius2/AppGenius/dist/extension.js:26013:89)\n\tat ScopeManagerPanel._fixStatusFileFormat (/Users/tatsuya/Desktop/システム開発/AppGenius2/AppGenius/dist/extension.js:25481:18)\n\tat async ScopeManagerPanel._loadStatusFile (/Users/tatsuya/Desktop/システム開発/AppGenius2/AppGenius/dist/extension.js:25405:17)\n[2025-03-12T22:18:51.789Z] [INFO] CURRENT_STATUS.mdファイルの変更を検出しました\n[2025-03-12T22:18:51.790Z] [DEBUG] ファイルを読み込みました: /Users/tatsuya/Desktop/システム開発/AppGenius2/AppGenius/docs/CURRENT_STATUS.md\n[2025-03-12T22:18:51.791Z] [INFO] 0個のスコープを読み込みました\n[2025-03-12T22:18:51.791Z] [ERROR] ステータスファイルの解析中にエラーが発生しました\n[2025-03-12T22:18:51.792Z] [ERROR] Error details: Cannot read properties of undefined (reading 'name')\n[2025-03-12T22:18:51.792Z] [ERROR] Stack trace: TypeError: Cannot read properties of undefined (reading 'name')\n\tat ScopeManagerPanel._parseStatusFile (/Users/tatsuya/Desktop/システム開発/AppGenius2/AppGenius/dist/extension.js:26013:89)\n\tat ScopeManagerPanel._loadStatusFile (/Users/tatsuya/Desktop/システム開発/AppGenius2/AppGenius/dist/extension.js:25389:18)\n[2025-03-12T22:18:51.792Z] [WARN] 箇条書き形式に問題があります。フォーマットを修正します。\n[2025-03-12T22:18:51.793Z] [INFO] CURRENT_STATUS.mdファイルのフォーマットを修正しました\n[2025-03-12T22:18:51.793Z] [INFO] 0個のスコープを読み込みました\n[2025-03-12T22:18:51.794Z] [ERROR] ステータスファイルの解析中にエラーが発生しました\n[2025-03-12T22:18:51.794Z] [ERROR] Error details: Cannot read properties of undefined (reading 'name')\n[2025-03-12T22:18:51.795Z] [ERROR] Stack trace: TypeError: Cannot read properties of undefined (reading 'name')\n\tat ScopeManagerPanel._parseStatusFile (/Users/tatsuya/Desktop/システム開発/AppGenius2/AppGenius/dist/extension.js:26013:89)\n\tat ScopeManagerPanel._fixStatusFileFormat (/Users/tatsuya/Desktop/システム開発/AppGenius2/AppGenius/dist/extension.js:25481:18)\n\tat async ScopeManagerPanel._loadStatusFile (/Users/tatsuya/Desktop/システム開発/AppGenius2/AppGenius/dist/extension.js:25405:17)\n[2025-03-12T22:18:51.932Z] [INFO] CURRENT_STATUS.mdファイルの変更を検出しました\n[2025-03-12T22:18:51.932Z] [DEBUG] ファイルを読み込みました: /Users/tatsuya/Desktop/システム開発/AppGenius2/AppGenius/docs/CURRENT_STATUS.md\n[2025-03-12T22:18:51.933Z] [INFO] 0個のスコープを読み込みました\n[2025-03-12T22:18:51.934Z] [ERROR] ステータスファイルの解析中にエラーが発生しました\n[2025-03-12T22:18:51.934Z] [ERROR] Error details: Cannot read properties of undefined (reading 'name')\n[2025-03-12T22:18:51.934Z] [ERROR] Stack trace: TypeError: Cannot read properties of undefined (reading 'name')\n\tat ScopeManagerPanel._parseStatusFile (/Users/tatsuya/Desktop/システム開発/AppGenius2/AppGenius/dist/extension.js:26013:89)\n\tat ScopeManagerPanel._loadStatusFile (/Users/tatsuya/Desktop/システム開発/AppGenius2/AppGenius/dist/extension.js:25389:18)\n[2025-03-12T22:18:51.934Z] [WARN] 箇条書き形式に問題があります。フォーマットを修正します。\n[2025-03-12T22:18:51.935Z] [INFO] CURRENT_STATUS.mdファイルのフォーマットを修正しました\n[2025-03-12T22:18:51.935Z] [INFO] 0個のスコープを読み込みました\n[2025-03-12T22:18:51.936Z] [ERROR] ステータスファイルの解析中にエラーが発生しました\n[2025-03-12T22:18:51.936Z] [ERROR] Error details: Cannot read properties of undefined (reading 'name')\n[2025-03-12T22:18:51.936Z] [ERROR] Stack trace: TypeError: Cannot read properties of undefined (reading 'name')\n\tat ScopeManagerPanel._parseStatusFile (/Users/tatsuya/Desktop/システム開発/AppGenius2/AppGenius/dist/extension.js:26013:89)\n\tat ScopeManagerPanel._fixStatusFileFormat (/Users/tatsuya/Desktop/システム開発/AppGenius2/AppGenius/dist/extension.js:25481:18)\n\tat async ScopeManagerPanel._loadStatusFile (/Users/tatsuya/Desktop/システム開発/AppGenius2/AppGenius/dist/extension.js:25405:17)\n[2025-03-12T22:18:52.081Z] [INFO] CURRENT_STATUS.mdファイルの変更を検出しました\n[2025-03-12T22:18:52.082Z] [DEBUG] ファイルを読み込みました: /Users/tatsuya/Desktop/システム開発/AppGenius2/AppGenius/docs/CURRENT_STATUS.md\n[2025-03-12T22:18:52.083Z] [INFO] 0個のスコープを読み込みました\n[2025-03-12T22:18:52.084Z] [ERROR] ステータスファイルの解析中にエラーが発生しました\n[2025-03-12T22:18:52.084Z] [ERROR] Error details: Cannot read properties of undefined (reading 'name')\n[2025-03-12T22:18:52.085Z] [ERROR] Stack trace: TypeError: Cannot read properties of undefined (reading 'name')\n\tat ScopeManagerPanel._parseStatusFile (/Users/tatsuya/Desktop/システム開発/AppGenius2/AppGenius/dist/extension.js:26013:89)\n\tat ScopeManagerPanel._loadStatusFile (/Users/tatsuya/Desktop/システム開発/AppGenius2/AppGenius/dist/extension.js:25389:18)\n[2025-03-12T22:18:52.085Z] [WARN] 箇条書き形式に問題があります。フォーマットを修正します。\n[2025-03-12T22:18:52.086Z] [INFO] CURRENT_STATUS.mdファイルのフォーマットを修正しました\n[2025-03-12T22:18:52.087Z] [INFO] 0個のスコープを読み込みました\n[2025-03-12T22:18:52.087Z] [ERROR] ステータスファイルの解析中にエラーが発生しました\n[2025-03-12T22:18:52.088Z] [ERROR] Error details: Cannot read properties of undefined (reading 'name')\n[2025-03-12T22:18:52.088Z] [ERROR] Stack trace: TypeError: Cannot read properties of undefined (reading 'name')\n\tat ScopeManagerPanel._parseStatusFile (/Users/tatsuya/Desktop/システム開発/AppGenius2/AppGenius/dist/extension.js:26013:89)\n\tat ScopeManagerPanel._fixStatusFileFormat (/Users/tatsuya/Desktop/システム開発/AppGenius2/AppGenius/dist/extension.js:25481:18)\n\tat async ScopeManagerPanel._loadStatusFile (/Users/tatsuya/Desktop/システム開発/AppGenius2/AppGenius/dist/extension.js:25405:17)\n[2025-03-12T22:18:52.229Z] [INFO] CURRENT_STATUS.mdファイルの変更を検出しました\n[2025-03-12T22:18:52.230Z] [DEBUG] ファイルを読み込みました: /Users/tatsuya/Desktop/システム開発/AppGenius2/AppGenius/docs/CURRENT_STATUS.md\n[2025-03-12T22:18:52.231Z] [INFO] 0個のスコープを読み込みました\n[2025-03-12T22:18:52.232Z] [ERROR] ステータスファイルの解析中にエラーが発生しました\n[2025-03-12T22:18:52.232Z] [ERROR] Error details: Cannot read properties of undefined (reading 'name')\n[2025-03-12T22:18:52.232Z] [ERROR] Stack trace: TypeError: Cannot read properties of undefined (reading 'name')\n\tat ScopeManagerPanel._parseStatusFile (/Users/tatsuya/Desktop/システム開発/AppGenius2/AppGenius/dist/extension.js:26013:89)\n\tat ScopeManagerPanel._loadStatusFile (/Users/tatsuya/Desktop/システム開発/AppGenius2/AppGenius/dist/extension.js:25389:18)\n[2025-03-12T22:18:52.232Z] [WARN] 箇条書き形式に問題があります。フォーマットを修正します。\n[2025-03-12T22:18:52.233Z] [INFO] CURRENT_STATUS.mdファイルのフォーマットを修正しました\n[2025-03-12T22:18:52.233Z] [INFO] 0個のスコープを読み込みました\n[2025-03-12T22:18:52.234Z] [ERROR] ステータスファイルの解析中にエラーが発生しました\n[2025-03-12T22:18:52.234Z] [ERROR] Error details: Cannot read properties of undefined (reading 'name')\n[2025-03-12T22:18:52.234Z] [ERROR] Stack trace: TypeError: Cannot read properties of undefined (reading 'name')\n\tat ScopeManagerPanel._parseStatusFile (/Users/tatsuya/Desktop/システム開発/AppGenius2/AppGenius/dist/extension.js:26013:89)\n\tat ScopeManagerPanel._fixStatusFileFormat (/Users/tatsuya/Desktop/システム開発/AppGenius2/AppGenius/dist/extension.js:25481:18)\n\tat async ScopeManagerPanel._loadStatusFile (/Users/tatsuya/Desktop/システム開発/AppGenius2/AppGenius/dist/extension.js:25405:17)\n[2025-03-12T22:18:52.376Z] [INFO] CURRENT_STATUS.mdファイルの変更を検出しました\n[2025-03-12T22:18:52.377Z] [DEBUG] ファイルを読み込みました: /Users/tatsuya/Desktop/システム開発/AppGenius2/AppGenius/docs/CURRENT_STATUS.md\n[2025-03-12T22:18:52.378Z] [INFO] 0個のスコープを読み込みました\n[2025-03-12T22:18:52.379Z] [ERROR] ステータスファイルの解析中にエラーが発生しました\n[2025-03-12T22:18:52.379Z] [ERROR] Error details: Cannot read properties of undefined (reading 'name')\n[2025-03-12T22:18:52.379Z] [ERROR] Stack trace: TypeError: Cannot read properties of undefined (reading 'name')\n\tat ScopeManagerPanel._parseStatusFile (/Users/tatsuya/Desktop/システム開発/AppGenius2/AppGenius/dist/extension.js:26013:89)\n\tat ScopeManagerPanel._loadStatusFile (/Users/tatsuya/Desktop/システム開発/AppGenius2/AppGenius/dist/extension.js:25389:18)\n[2025-03-12T22:18:52.379Z] [WARN] 箇条書き形式に問題があります。フォーマットを修正します。\n[2025-03-12T22:18:52.381Z] [INFO] CURRENT_STATUS.mdファイルのフォーマットを修正しました\n[2025-03-12T22:18:52.381Z] [INFO] 0個のスコープを読み込みました\n[2025-03-12T22:18:52.382Z] [ERROR] ステータスファイルの解析中にエラーが発生しました\n[2025-03-12T22:18:52.382Z] [ERROR] Error details: Cannot read properties of undefined (reading 'name')\n[2025-03-12T22:18:52.382Z] [ERROR] Stack trace: TypeError: Cannot read properties of undefined (reading 'name')\n\tat ScopeManagerPanel._parseStatusFile (/Users/tatsuya/Desktop/システム開発/AppGenius2/AppGenius/dist/extension.js:26013:89)\n\tat ScopeManagerPanel._fixStatusFileFormat (/Users/tatsuya/Desktop/システム開発/AppGenius2/AppGenius/dist/extension.js:25481:18)\n\tat async ScopeManagerPanel._loadStatusFile (/Users/tatsuya/Desktop/システム開発/AppGenius2/AppGenius/dist/extension.js:25405:17)\n[2025-03-12T22:18:52.523Z] [INFO] CURRENT_STATUS.mdファイルの変更を検出しました\n[2025-03-12T22:18:52.524Z] [DEBUG] ファイルを読み込みました: /Users/tatsuya/Desktop/システム開発/AppGenius2/AppGenius/docs/CURRENT_STATUS.md\n[2025-03-12T22:18:52.525Z] [INFO] 0個のスコープを読み込みました\n[2025-03-12T22:18:52.526Z] [ERROR] ステータスファイルの解析中にエラーが発生しました\n[2025-03-12T22:18:52.526Z] [ERROR] Error details: Cannot read properties of undefined (reading 'name')\n[2025-03-12T22:18:52.526Z] [ERROR] Stack trace: TypeError: Cannot read properties of undefined (reading 'name')\n\tat ScopeManagerPanel._parseStatusFile (/Users/tatsuya/Desktop/システム開発/AppGenius2/AppGenius/dist/extension.js:26013:89)\n\tat ScopeManagerPanel._loadStatusFile (/Users/tatsuya/Desktop/システム開発/AppGenius2/AppGenius/dist/extension.js:25389:18)\n[2025-03-12T22:18:52.527Z] [WARN] 箇条書き形式に問題があります。フォーマットを修正します。\n[2025-03-12T22:18:52.528Z] [INFO] CURRENT_STATUS.mdファイルのフォーマットを修正しました\n[2025-03-12T22:18:52.528Z] [INFO] 0個のスコープを読み込みました\n[2025-03-12T22:18:52.529Z] [ERROR] ステータスファイルの解析中にエラーが発生しました\n[2025-03-12T22:18:52.529Z] [ERROR] Error details: Cannot read properties of undefined (reading 'name')\n[2025-03-12T22:18:52.529Z] [ERROR] Stack trace: TypeError: Cannot read properties of undefined (reading 'name')\n\tat ScopeManagerPanel._parseStatusFile (/Users/tatsuya/Desktop/システム開発/AppGenius2/AppGenius/dist/extension.js:26013:89)\n\tat ScopeManagerPanel._fixStatusFileFormat (/Users/tatsuya/Desktop/システム開発/AppGenius2/AppGenius/dist/extension.js:25481:18)\n\tat async ScopeManagerPanel._loadStatusFile (/Users/tatsuya/Desktop/システム開発/AppGenius2/AppGenius/dist/extension.js:25405:17)\n[2025-03-12T22:18:52.669Z] [INFO] CURRENT_STATUS.mdファイルの変更を検出しました\n[2025-03-12T22:18:52.670Z] [DEBUG] ファイルを読み込みました: /Users/tatsuya/Desktop/システム開発/AppGenius2/AppGenius/docs/CURRENT_STATUS.md\n[2025-03-12T22:18:52.671Z] [INFO] 0個のスコープを読み込みました\n[2025-03-12T22:18:52.672Z] [ERROR] ステータスファイルの解析中にエラーが発生しました\n[2025-03-12T22:18:52.672Z] [ERROR] Error details: Cannot read properties of undefined (reading 'name')\n[2025-03-12T22:18:52.672Z] [ERROR] Stack trace: TypeError: Cannot read properties of undefined (reading 'name')\n\tat ScopeManagerPanel._parseStatusFile (/Users/tatsuya/Desktop/システム開発/AppGenius2/AppGenius/dist/extension.js:26013:89)\n\tat ScopeManagerPanel._loadStatusFile (/Users/tatsuya/Desktop/システム開発/AppGenius2/AppGenius/dist/extension.js:25389:18)\n[2025-03-12T22:18:52.672Z] [WARN] 箇条書き形式に問題があります。フォーマットを修正します。\n[2025-03-12T22:18:52.674Z] [INFO] CURRENT_STATUS.mdファイルのフォーマットを修正しました\n[2025-03-12T22:18:52.674Z] [INFO] 0個のスコープを読み込みました\n[2025-03-12T22:18:52.675Z] [ERROR] ステータスファイルの解析中にエラーが発生しました\n[2025-03-12T22:18:52.675Z] [ERROR] Error details: Cannot read properties of undefined (reading 'name')\n[2025-03-12T22:18:52.676Z] [ERROR] Stack trace: TypeError: Cannot read properties of undefined (reading 'name')\n\tat ScopeManagerPanel._parseStatusFile (/Users/tatsuya/Desktop/システム開発/AppGenius2/AppGenius/dist/extension.js:26013:89)\n\tat ScopeManagerPanel._fixStatusFileFormat (/Users/tatsuya/Desktop/システム開発/AppGenius2/AppGenius/dist/extension.js:25481:18)\n\tat async ScopeManagerPanel._loadStatusFile (/Users/tatsuya/Desktop/システム開発/AppGenius2/AppGenius/dist/extension.js:25405:17)\n[2025-03-12T22:18:52.815Z] [INFO] CURRENT_STATUS.mdファイルの変更を検出しました\n[2025-03-12T22:18:52.815Z] [DEBUG] ファイルを読み込みました: /Users/tatsuya/Desktop/システム開発/AppGenius2/AppGenius/docs/CURRENT_STATUS.md\n[2025-03-12T22:18:52.816Z] [INFO] 0個のスコープを読み込みました\n[2025-03-12T22:18:52.816Z] [ERROR] ステータスファイルの解析中にエラーが発生しました\n[2025-03-12T22:18:52.816Z] [ERROR] Error details: Cannot read properties of undefined (reading 'name')\n[2025-03-12T22:18:52.816Z] [ERROR] Stack trace: TypeError: Cannot read properties of undefined (reading 'name')\n\tat ScopeManagerPanel._parseStatusFile (/Users/tatsuya/Desktop/システム開発/AppGenius2/AppGenius/dist/extension.js:26013:89)\n\tat ScopeManagerPanel._loadStatusFile (/Users/tatsuya/Desktop/システム開発/AppGenius2/AppGenius/dist/extension.js:25389:18)\n[2025-03-12T22:18:52.816Z] [WARN] 箇条書き形式に問題があります。フォーマットを修正します。\n[2025-03-12T22:18:52.817Z] [INFO] CURRENT_STATUS.mdファイルのフォーマットを修正しました\n[2025-03-12T22:18:52.817Z] [INFO] 0個のスコープを読み込みました\n[2025-03-12T22:18:52.817Z] [ERROR] ステータスファイルの解析中にエラーが発生しました\n[2025-03-12T22:18:52.817Z] [ERROR] Error details: Cannot read properties of undefined (reading 'name')\n[2025-03-12T22:18:52.817Z] [ERROR] Stack trace: TypeError: Cannot read properties of undefined (reading 'name')\n\tat ScopeManagerPanel._parseStatusFile (/Users/tatsuya/Desktop/システム開発/AppGenius2/AppGenius/dist/extension.js:26013:89)\n\tat ScopeManagerPanel._fixStatusFileFormat (/Users/tatsuya/Desktop/システム開発/AppGenius2/AppGenius/dist/extension.js:25481:18)\n\tat async ScopeManagerPanel._loadStatusFile (/Users/tatsuya/Desktop/システム開発/AppGenius2/AppGenius/dist/extension.js:25405:17)\n[2025-03-12T22:18:52.959Z] [INFO] CURRENT_STATUS.mdファイルの変更を検出しました\n[2025-03-12T22:18:52.959Z] [DEBUG] ファイルを読み込みました: /Users/tatsuya/Desktop/システム開発/AppGenius2/AppGenius/docs/CURRENT_STATUS.md\n[2025-03-12T22:18:52.960Z] [INFO] 0個のスコープを読み込みました\n[2025-03-12T22:18:52.960Z] [ERROR] ステータスファイルの解析中にエラーが発生しました\n[2025-03-12T22:18:52.960Z] [ERROR] Error details: Cannot read properties of undefined (reading 'name')\n[2025-03-12T22:18:52.960Z] [ERROR] Stack trace: TypeError: Cannot read properties of undefined (reading 'name')\n\tat ScopeManagerPanel._parseStatusFile (/Users/tatsuya/Desktop/システム開発/AppGenius2/AppGenius/dist/extension.js:26013:89)\n\tat ScopeManagerPanel._loadStatusFile (/Users/tatsuya/Desktop/システム開発/AppGenius2/AppGenius/dist/extension.js:25389:18)\n[2025-03-12T22:18:52.960Z] [WARN] 箇条書き形式に問題があります。フォーマットを修正します。\n[2025-03-12T22:18:52.961Z] [INFO] CURRENT_STATUS.mdファイルのフォーマットを修正しました\n[2025-03-12T22:18:52.961Z] [INFO] 0個のスコープを読み込みました\n[2025-03-12T22:18:52.962Z] [ERROR] ステータスファイルの解析中にエラーが発生しました\n[2025-03-12T22:18:52.962Z] [ERROR] Error details: Cannot read properties of undefined (reading 'name')\n[2025-03-12T22:18:52.962Z] [ERROR] Stack trace: TypeError: Cannot read properties of undefined (reading 'name')\n\tat ScopeManagerPanel._parseStatusFile (/Users/tatsuya/Desktop/システム開発/AppGenius2/AppGenius/dist/extension.js:26013:89)\n\tat ScopeManagerPanel._fixStatusFileFormat (/Users/tatsuya/Desktop/システム開発/AppGenius2/AppGenius/dist/extension.js:25481:18)\n\tat async ScopeManagerPanel._loadStatusFile (/Users/tatsuya/Desktop/システム開発/AppGenius2/AppGenius/dist/extension.js:25405:17)\n[2025-03-12T22:18:53.106Z] [INFO] CURRENT_STATUS.mdファイルの変更を検出しました\n[2025-03-12T22:18:53.107Z] [DEBUG] ファイルを読み込みました: /Users/tatsuya/Desktop/システム開発/AppGenius2/AppGenius/docs/CURRENT_STATUS.md\n[2025-03-12T22:18:53.107Z] [INFO] 0個のスコープを読み込みました\n[2025-03-12T22:18:53.108Z] [ERROR] ステータスファイルの解析中にエラーが発生しました\n[2025-03-12T22:18:53.108Z] [ERROR] Error details: Cannot read properties of undefined (reading 'name')\n[2025-03-12T22:18:53.108Z] [ERROR] Stack trace: TypeError: Cannot read properties of undefined (reading 'name')\n\tat ScopeManagerPanel._parseStatusFile (/Users/tatsuya/Desktop/システム開発/AppGenius2/AppGenius/dist/extension.js:26013:89)\n\tat ScopeManagerPanel._loadStatusFile (/Users/tatsuya/Desktop/システム開発/AppGenius2/AppGenius/dist/extension.js:25389:18)\n[2025-03-12T22:18:53.108Z] [WARN] 箇条書き形式に問題があります。フォーマットを修正します。\n[2025-03-12T22:18:53.109Z] [INFO] CURRENT_STATUS.mdファイルのフォーマットを修正しました\n[2025-03-12T22:18:53.109Z] [INFO] 0個のスコープを読み込みました\n[2025-03-12T22:18:53.110Z] [ERROR] ステータスファイルの解析中にエラーが発生しました\n[2025-03-12T22:18:53.110Z] [ERROR] Error details: Cannot read properties of undefined (reading 'name')\n[2025-03-12T22:18:53.110Z] [ERROR] Stack trace: TypeError: Cannot read properties of undefined (reading 'name')\n\tat ScopeManagerPanel._parseStatusFile (/Users/tatsuya/Desktop/システム開発/AppGenius2/AppGenius/dist/extension.js:26013:89)\n\tat ScopeManagerPanel._fixStatusFileFormat (/Users/tatsuya/Desktop/システム開発/AppGenius2/AppGenius/dist/extension.js:25481:18)\n\tat async ScopeManagerPanel._loadStatusFile (/Users/tatsuya/Desktop/システム開発/AppGenius2/AppGenius/dist/extension.js:25405:17)\n[2025-03-12T22:18:53.247Z] [INFO] CURRENT_STATUS.mdファイルの変更を検出しました\n[2025-03-12T22:18:53.248Z] [DEBUG] ファイルを読み込みました: /Users/tatsuya/Desktop/システム開発/AppGenius2/AppGenius/docs/CURRENT_STATUS.md\n[2025-03-12T22:18:53.248Z] [INFO] 0個のスコープを読み込みました\n[2025-03-12T22:18:53.249Z] [ERROR] ステータスファイルの解析中にエラーが発生しました\n[2025-03-12T22:18:53.249Z] [ERROR] Error details: Cannot read properties of undefined (reading 'name')",
  "status": "archived",
  "createdAt": "2025-03-12T22:19:49.568Z",
  "errorType": "構文エラー",
  "relatedFiles": [],
  "investigationStartTime": "2025-03-12T22:19:49.618Z"
}